<?xml version="1.0" encoding="UTF-8"?>
<testng-results ignored="0" total="5" passed="5" failed="0" skipped="0">
  <reporter-output>
  </reporter-output>
  <suite started-at="2024-09-24T13:09:04 IST" name="Default suite" finished-at="2024-09-24T13:09:22 IST" duration-ms="17807">
    <groups>
    </groups>
    <test started-at="2024-09-24T13:09:04 IST" name="Default test" finished-at="2024-09-24T13:09:22 IST" duration-ms="17807">
      <class name="Testng.Demo">
        <test-method signature="setup()[pri:1, instance:Testng.Demo@505fc5a4]" started-at="2024-09-24T13:09:04 IST" name="setup" finished-at="2024-09-24T13:09:17 IST" duration-ms="13442" status="PASS">
          <reporter-output>
          </reporter-output>
        </test-method> <!-- setup -->
        <test-method signature="enter_name()[pri:2, instance:Testng.Demo@505fc5a4]" started-at="2024-09-24T13:09:17 IST" name="enter_name" finished-at="2024-09-24T13:09:18 IST" duration-ms="599" status="PASS">
          <reporter-output>
          </reporter-output>
        </test-method> <!-- enter_name -->
        <test-method signature="enter_email()[pri:3, instance:Testng.Demo@505fc5a4]" started-at="2024-09-24T13:09:18 IST" name="enter_email" finished-at="2024-09-24T13:09:18 IST" duration-ms="405" status="PASS">
          <reporter-output>
          </reporter-output>
        </test-method> <!-- enter_email -->
        <test-method signature="enter_signup()[pri:4, instance:Testng.Demo@505fc5a4]" started-at="2024-09-24T13:09:18 IST" name="enter_signup" finished-at="2024-09-24T13:09:21 IST" duration-ms="2437" status="PASS">
          <reporter-output>
          </reporter-output>
        </test-method> <!-- enter_signup -->
        <test-method signature="teardown()[pri:5, instance:Testng.Demo@505fc5a4]" started-at="2024-09-24T13:09:21 IST" name="teardown" finished-at="2024-09-24T13:09:22 IST" duration-ms="727" status="PASS">
          <reporter-output>
          </reporter-output>
        </test-method> <!-- teardown -->
      </class> <!-- Testng.Demo -->
    </test> <!-- Default test -->
  </suite> <!-- Default suite -->
</testng-results>
