<?xml version="1.0" encoding="UTF-8"?>
<!-- Generated by org.testng.reporters.JUnitXMLReporter -->
<testsuite ignored="0" hostname="DESKTOP-QKS50A1" failures="0" tests="5" name="Default test" time="17.807" errors="0" timestamp="2024-09-24T13:09:22 IST">
  <testcase classname="Testng.Demo" name="setup" time="13.442"/>
  <testcase classname="Testng.Demo" name="enter_name" time="0.599"/>
  <testcase classname="Testng.Demo" name="enter_email" time="0.405"/>
  <testcase classname="Testng.Demo" name="enter_signup" time="2.437"/>
  <testcase classname="Testng.Demo" name="teardown" time="0.727"/>
</testsuite> <!-- Default test -->
